<?xml version="1.0" encoding="UTF-8" ?>
<testsuites name="vitest tests" tests="147" failures="0" errors="0" time="0.920002667">
    <testsuite name="src/test-utils/contrast-debug.test.ts" timestamp="2026-02-27T20:36:26.982Z" hostname="MacBook-Pro-tilhrende-Allan.local" tests="2" failures="0" errors="0" skipped="0" time="0.001270958">
        <testcase classname="src/test-utils/contrast-debug.test.ts" name="Color Contrast Debug Analysis &gt; analyzes failing light theme colors" time="0.000560583">
        </testcase>
        <testcase classname="src/test-utils/contrast-debug.test.ts" name="Color Contrast Debug Analysis &gt; analyzes failing dark theme colors" time="0.000069292">
        </testcase>
    </testsuite>
    <testsuite name="src/test-utils/contrast.test.ts" timestamp="2026-02-27T20:36:26.983Z" hostname="MacBook-Pro-tilhrende-Allan.local" tests="34" failures="0" errors="0" skipped="0" time="0.003406667">
        <testcase classname="src/test-utils/contrast.test.ts" name="Color Contrast Compliance &gt; Light Theme &gt; primary text on background meets AA standards" time="0.000751625">
        </testcase>
        <testcase classname="src/test-utils/contrast.test.ts" name="Color Contrast Compliance &gt; Light Theme &gt; secondary text on background meets AA standards" time="0.000110375">
        </testcase>
        <testcase classname="src/test-utils/contrast.test.ts" name="Color Contrast Compliance &gt; Light Theme &gt; primary color on background meets AA standards" time="0.000065583">
        </testcase>
        <testcase classname="src/test-utils/contrast.test.ts" name="Color Contrast Compliance &gt; Light Theme &gt; error color on background meets AA standards" time="0.000062625">
        </testcase>
        <testcase classname="src/test-utils/contrast.test.ts" name="Color Contrast Compliance &gt; Light Theme &gt; success color on background meets AA standards" time="0.000061834">
        </testcase>
        <testcase classname="src/test-utils/contrast.test.ts" name="Color Contrast Compliance &gt; Light Theme &gt; warning color on background has acceptable contrast" time="0.000070042">
        </testcase>
        <testcase classname="src/test-utils/contrast.test.ts" name="Color Contrast Compliance &gt; Light Theme &gt; info color on background meets AA standards" time="0.00006025">
        </testcase>
        <testcase classname="src/test-utils/contrast.test.ts" name="Color Contrast Compliance &gt; Light Theme &gt; white text on primary background meets AA standards" time="0.00024">
        </testcase>
        <testcase classname="src/test-utils/contrast.test.ts" name="Color Contrast Compliance &gt; Light Theme &gt; text on surface background meets AA standards" time="0.000098708">
        </testcase>
        <testcase classname="src/test-utils/contrast.test.ts" name="Color Contrast Compliance &gt; Dark Theme &gt; primary text on background meets AA standards" time="0.000080083">
        </testcase>
        <testcase classname="src/test-utils/contrast.test.ts" name="Color Contrast Compliance &gt; Dark Theme &gt; secondary text on background meets AA standards" time="0.000055417">
        </testcase>
        <testcase classname="src/test-utils/contrast.test.ts" name="Color Contrast Compliance &gt; Dark Theme &gt; primary color is optimized for button backgrounds" time="0.000037041">
        </testcase>
        <testcase classname="src/test-utils/contrast.test.ts" name="Color Contrast Compliance &gt; Dark Theme &gt; error color on background meets AA standards" time="0.000040916">
        </testcase>
        <testcase classname="src/test-utils/contrast.test.ts" name="Color Contrast Compliance &gt; Dark Theme &gt; success color on background meets AA standards" time="0.0000395">
        </testcase>
        <testcase classname="src/test-utils/contrast.test.ts" name="Color Contrast Compliance &gt; Dark Theme &gt; warning color on background meets AA standards" time="0.000038416">
        </testcase>
        <testcase classname="src/test-utils/contrast.test.ts" name="Color Contrast Compliance &gt; Dark Theme &gt; info color on background meets AA standards" time="0.000038583">
        </testcase>
        <testcase classname="src/test-utils/contrast.test.ts" name="Color Contrast Compliance &gt; Dark Theme &gt; white text on primary background meets AA standards" time="0.000037958">
        </testcase>
        <testcase classname="src/test-utils/contrast.test.ts" name="Color Contrast Compliance &gt; Dark Theme &gt; text on surface background meets AA standards" time="0.000046166">
        </testcase>
        <testcase classname="src/test-utils/contrast.test.ts" name="Color Contrast Compliance &gt; Large Text Compliance (3:1 ratio) &gt; light theme border color has strong contrast" time="0.000035125">
        </testcase>
        <testcase classname="src/test-utils/contrast.test.ts" name="Color Contrast Compliance &gt; Large Text Compliance (3:1 ratio) &gt; dark theme border color meets large text AA standards" time="0.000032042">
        </testcase>
        <testcase classname="src/test-utils/contrast.test.ts" name="Color Contrast Compliance &gt; Large Text Compliance (3:1 ratio) &gt; light theme divider color has reasonable contrast" time="0.000031875">
        </testcase>
        <testcase classname="src/test-utils/contrast.test.ts" name="Color Contrast Compliance &gt; Large Text Compliance (3:1 ratio) &gt; dark theme divider color meets large text AA standards" time="0.000040208">
        </testcase>
        <testcase classname="src/test-utils/contrast.test.ts" name="Color Contrast Compliance &gt; Cross-Theme Validation &gt; validates light theme primary against common backgrounds" time="0.000035875">
        </testcase>
        <testcase classname="src/test-utils/contrast.test.ts" name="Color Contrast Compliance &gt; Cross-Theme Validation &gt; validates dark theme primary for button use cases" time="0.000038542">
        </testcase>
        <testcase classname="src/test-utils/contrast.test.ts" name="Color Contrast Compliance &gt; Edge Cases and Boundary Testing &gt; validates minimum AA contrast ratios" time="0.000030625">
        </testcase>
        <testcase classname="src/test-utils/contrast.test.ts" name="Color Contrast Compliance &gt; Edge Cases and Boundary Testing &gt; validates AAA contrast requirements" time="0.00003025">
        </testcase>
        <testcase classname="src/test-utils/contrast.test.ts" name="Color Contrast Compliance &gt; Edge Cases and Boundary Testing &gt; fails insufficient contrast combinations" time="0.00003825">
        </testcase>
        <testcase classname="src/test-utils/contrast.test.ts" name="Color Contrast Compliance &gt; Real-world Component Combinations &gt; validates button text combinations" time="0.000034042">
        </testcase>
        <testcase classname="src/test-utils/contrast.test.ts" name="Color Contrast Compliance &gt; Real-world Component Combinations &gt; validates form element combinations" time="0.000042375">
        </testcase>
        <testcase classname="src/test-utils/contrast.test.ts" name="Color Contrast Compliance &gt; Real-world Component Combinations &gt; validates status indicator combinations" time="0.000044667">
        </testcase>
        <testcase classname="src/test-utils/contrast.test.ts" name="Color Utility Functions &gt; correctly calculates high contrast ratios" time="0.000059">
        </testcase>
        <testcase classname="src/test-utils/contrast.test.ts" name="Color Utility Functions &gt; correctly calculates medium contrast ratios" time="0.000027833">
        </testcase>
        <testcase classname="src/test-utils/contrast.test.ts" name="Color Utility Functions &gt; handles hex color variations" time="0.000034125">
        </testcase>
        <testcase classname="src/test-utils/contrast.test.ts" name="Color Utility Functions &gt; distinguishes between normal and large text thresholds" time="0.000032083">
        </testcase>
    </testsuite>
    <testsuite name="src/utils/error-handling.test.ts" timestamp="2026-02-27T20:36:26.985Z" hostname="MacBook-Pro-tilhrende-Allan.local" tests="22" failures="0" errors="0" skipped="0" time="0.005725833">
        <testcase classname="src/utils/error-handling.test.ts" name="Error Handling Utilities &gt; ComponentError &gt; creates error with context and timestamp" time="0.001085208">
        </testcase>
        <testcase classname="src/utils/error-handling.test.ts" name="Error Handling Utilities &gt; ComponentError &gt; creates error without context" time="0.000177375">
        </testcase>
        <testcase classname="src/utils/error-handling.test.ts" name="Error Handling Utilities &gt; createErrorBoundary &gt; executes function normally when no error occurs" time="0.000238375">
        </testcase>
        <testcase classname="src/utils/error-handling.test.ts" name="Error Handling Utilities &gt; createErrorBoundary &gt; catches errors and calls error handler" time="0.000693958">
        </testcase>
        <testcase classname="src/utils/error-handling.test.ts" name="Error Handling Utilities &gt; createErrorBoundary &gt; executes fallback when error occurs" time="0.000104625">
        </testcase>
        <testcase classname="src/utils/error-handling.test.ts" name="Error Handling Utilities &gt; createErrorBoundary &gt; re-throws critical errors" time="0.000134417">
        </testcase>
        <testcase classname="src/utils/error-handling.test.ts" name="Error Handling Utilities &gt; createErrorBoundary &gt; silences errors when silent option is true" time="0.000119209">
        </testcase>
        <testcase classname="src/utils/error-handling.test.ts" name="Error Handling Utilities &gt; logger &gt; logs warnings in development" time="0.000582792">
        </testcase>
        <testcase classname="src/utils/error-handling.test.ts" name="Error Handling Utilities &gt; logger &gt; does not log in production" time="0.000075542">
        </testcase>
        <testcase classname="src/utils/error-handling.test.ts" name="Error Handling Utilities &gt; logger &gt; creates and logs errors" time="0.000116125">
        </testcase>
        <testcase classname="src/utils/error-handling.test.ts" name="Error Handling Utilities &gt; logger &gt; logs info messages in development" time="0.000348875">
        </testcase>
        <testcase classname="src/utils/error-handling.test.ts" name="Error Handling Utilities &gt; createStorageHandler &gt; gets item from storage successfully" time="0.000190458">
        </testcase>
        <testcase classname="src/utils/error-handling.test.ts" name="Error Handling Utilities &gt; createStorageHandler &gt; returns fallback when storage fails" time="0.000099875">
        </testcase>
        <testcase classname="src/utils/error-handling.test.ts" name="Error Handling Utilities &gt; createStorageHandler &gt; sets item in storage successfully" time="0.000116458">
        </testcase>
        <testcase classname="src/utils/error-handling.test.ts" name="Error Handling Utilities &gt; createStorageHandler &gt; returns false when storage set fails" time="0.000106583">
        </testcase>
        <testcase classname="src/utils/error-handling.test.ts" name="Error Handling Utilities &gt; createStorageHandler &gt; removes item from storage successfully" time="0.000112584">
        </testcase>
        <testcase classname="src/utils/error-handling.test.ts" name="Error Handling Utilities &gt; createStorageHandler &gt; handles missing window object gracefully" time="0.00010475">
        </testcase>
        <testcase classname="src/utils/error-handling.test.ts" name="Error Handling Utilities &gt; createAssetHandler &gt; executes fallback when icon loading fails" time="0.000109709">
        </testcase>
        <testcase classname="src/utils/error-handling.test.ts" name="Error Handling Utilities &gt; createValidationHandler &gt; validates required values successfully" time="0.000077875">
        </testcase>
        <testcase classname="src/utils/error-handling.test.ts" name="Error Handling Utilities &gt; createValidationHandler &gt; throws error for missing required values" time="0.000316209">
        </testcase>
        <testcase classname="src/utils/error-handling.test.ts" name="Error Handling Utilities &gt; createValidationHandler &gt; validates types successfully" time="0.000075792">
        </testcase>
        <testcase classname="src/utils/error-handling.test.ts" name="Error Handling Utilities &gt; createValidationHandler &gt; throws error for incorrect types" time="0.000128667">
        </testcase>
    </testsuite>
    <testsuite name="src/atoms/Button/Button.test.ts" timestamp="2026-02-27T20:36:26.986Z" hostname="MacBook-Pro-tilhrende-Allan.local" tests="16" failures="0" errors="0" skipped="0" time="0.06122475">
        <testcase classname="src/atoms/Button/Button.test.ts" name="Button &gt; Accessibility &gt; meets WCAG 2.1 AA accessibility standards" time="0.049208416">
        </testcase>
        <testcase classname="src/atoms/Button/Button.test.ts" name="Button &gt; Accessibility &gt; has proper button semantics" time="0.001551041">
        </testcase>
        <testcase classname="src/atoms/Button/Button.test.ts" name="Button &gt; Accessibility &gt; supports keyboard navigation" time="0.001448292">
        </testcase>
        <testcase classname="src/atoms/Button/Button.test.ts" name="Button &gt; Accessibility &gt; maintains focus visibility" time="0.000804459">
        </testcase>
        <testcase classname="src/atoms/Button/Button.test.ts" name="Button &gt; Accessibility &gt; provides appropriate disabled state" time="0.001338667">
        </testcase>
        <testcase classname="src/atoms/Button/Button.test.ts" name="Button &gt; Accessibility &gt; provides appropriate loading state for screen readers" time="0.001005625">
        </testcase>
        <testcase classname="src/atoms/Button/Button.test.ts" name="Button &gt; Accessibility &gt; maintains accessible text content" time="0.000826125">
        </testcase>
        <testcase classname="src/atoms/Button/Button.test.ts" name="Button &gt; Accessibility &gt; respects reduced motion preferences" time="0.000568667">
        </testcase>
        <testcase classname="src/atoms/Button/Button.test.ts" name="Button &gt; Component Functionality &gt; renders properly" time="0.000538166">
        </testcase>
        <testcase classname="src/atoms/Button/Button.test.ts" name="Button &gt; Component Functionality &gt; applies variant class" time="0.000678333">
        </testcase>
        <testcase classname="src/atoms/Button/Button.test.ts" name="Button &gt; Component Functionality &gt; applies size class" time="0.000359417">
        </testcase>
        <testcase classname="src/atoms/Button/Button.test.ts" name="Button &gt; Component Functionality &gt; shows loader when loading" time="0.000558208">
        </testcase>
        <testcase classname="src/atoms/Button/Button.test.ts" name="Button &gt; Component Functionality &gt; is disabled when disabled prop is true" time="0.000274875">
        </testcase>
        <testcase classname="src/atoms/Button/Button.test.ts" name="Button &gt; Component Functionality &gt; emits click events when enabled" time="0.000680791">
        </testcase>
        <testcase classname="src/atoms/Button/Button.test.ts" name="Button &gt; Component Functionality &gt; does not emit click events when disabled" time="0.000435958">
        </testcase>
        <testcase classname="src/atoms/Button/Button.test.ts" name="Button &gt; Component Functionality &gt; does not emit click events when loading" time="0.000411709">
        </testcase>
    </testsuite>
    <testsuite name="src/atoms/Icon/Icon.test.ts" timestamp="2026-02-27T20:36:26.987Z" hostname="MacBook-Pro-tilhrende-Allan.local" tests="9" failures="0" errors="0" skipped="0" time="0.067369833">
        <testcase classname="src/atoms/Icon/Icon.test.ts" name="Icon (Simplified) &gt; Accessibility &gt; meets WCAG 2.1 AA accessibility standards" time="0.054604625">
            <system-err>
[Vue warn]: Vue received a Component that was made a reactive object. This can lead to unnecessary performance overhead and should be avoided by marking the component with `markRaw` or using `shallowRef` instead of `ref`. 
Component that was made reactive:  {
  name: [32m&apos;TestIcon&apos;[39m,
  props: [ [32m&apos;size&apos;[39m, [32m&apos;ariaHidden&apos;[39m, [32m&apos;ariaLabel&apos;[39m ],
  template: [32m&apos;&lt;svg :width=&quot;size&quot; :height=&quot;size&quot; class=&quot;test-icon&quot; :aria-hidden=&quot;ariaHidden&quot; :aria-label=&quot;ariaLabel&quot;&gt;&lt;circle /&gt;&lt;/svg&gt;&apos;[39m
} 
  at &lt;Icon name=&quot;test&quot; size=24 aria-label=&quot;Test icon&quot; &gt; 
  at &lt;IconProvider icons= {
  test: {
    name: [32m&apos;TestIcon&apos;[39m,
    props: [ [32m&apos;size&apos;[39m, [32m&apos;ariaHidden&apos;[39m, [32m&apos;ariaLabel&apos;[39m ],
    template: [32m&apos;&lt;svg :width=&quot;size&quot; :height=&quot;size&quot; class=&quot;test-icon&quot; :aria-hidden=&quot;ariaHidden&quot; :aria-label=&quot;ariaLabel&quot;&gt;&lt;circle /&gt;&lt;/svg&gt;&apos;[39m
  }
} ref=&quot;VTU_COMPONENT&quot; &gt; 
  at &lt;VTUROOT&gt;

            </system-err>
        </testcase>
        <testcase classname="src/atoms/Icon/Icon.test.ts" name="Icon (Simplified) &gt; Accessibility &gt; provides appropriate ARIA attributes for decorative icons" time="0.002165208">
            <system-err>
[Vue warn]: Vue received a Component that was made a reactive object. This can lead to unnecessary performance overhead and should be avoided by marking the component with `markRaw` or using `shallowRef` instead of `ref`. 
Component that was made reactive:  {
  name: [32m&apos;TestIcon&apos;[39m,
  props: [ [32m&apos;size&apos;[39m, [32m&apos;ariaHidden&apos;[39m, [32m&apos;ariaLabel&apos;[39m ],
  template: [32m&apos;&lt;svg :width=&quot;size&quot; :height=&quot;size&quot; class=&quot;test-icon&quot; :aria-hidden=&quot;ariaHidden&quot; :aria-label=&quot;ariaLabel&quot;&gt;&lt;circle /&gt;&lt;/svg&gt;&apos;[39m,
  render: [Function: render] { _rc: [33mtrue[39m }
} 
  at &lt;Icon name=&quot;test&quot; size=24 aria-hidden=true &gt; 
  at &lt;IconProvider icons= {
  test: {
    name: [32m&apos;TestIcon&apos;[39m,
    props: [ [32m&apos;size&apos;[39m, [32m&apos;ariaHidden&apos;[39m, [32m&apos;ariaLabel&apos;[39m ],
    template: [32m&apos;&lt;svg :width=&quot;size&quot; :height=&quot;size&quot; class=&quot;test-icon&quot; :aria-hidden=&quot;ariaHidden&quot; :aria-label=&quot;ariaLabel&quot;&gt;&lt;circle /&gt;&lt;/svg&gt;&apos;[39m,
    render: [Function: render] { _rc: [33mtrue[39m }
  }
} ref=&quot;VTU_COMPONENT&quot; &gt; 
  at &lt;VTUROOT&gt;

            </system-err>
        </testcase>
        <testcase classname="src/atoms/Icon/Icon.test.ts" name="Icon (Simplified) &gt; Accessibility &gt; provides appropriate ARIA label for informative icons" time="0.001409958">
            <system-err>
[Vue warn]: Vue received a Component that was made a reactive object. This can lead to unnecessary performance overhead and should be avoided by marking the component with `markRaw` or using `shallowRef` instead of `ref`. 
Component that was made reactive:  {
  name: [32m&apos;TestIcon&apos;[39m,
  props: [ [32m&apos;size&apos;[39m, [32m&apos;ariaHidden&apos;[39m, [32m&apos;ariaLabel&apos;[39m ],
  template: [32m&apos;&lt;svg :width=&quot;size&quot; :height=&quot;size&quot; class=&quot;test-icon&quot; :aria-hidden=&quot;ariaHidden&quot; :aria-label=&quot;ariaLabel&quot;&gt;&lt;circle /&gt;&lt;/svg&gt;&apos;[39m,
  render: [Function: render] { _rc: [33mtrue[39m }
} 
  at &lt;Icon name=&quot;test&quot; size=24 aria-label=&quot;Important information&quot; &gt; 
  at &lt;IconProvider icons= {
  test: {
    name: [32m&apos;TestIcon&apos;[39m,
    props: [ [32m&apos;size&apos;[39m, [32m&apos;ariaHidden&apos;[39m, [32m&apos;ariaLabel&apos;[39m ],
    template: [32m&apos;&lt;svg :width=&quot;size&quot; :height=&quot;size&quot; class=&quot;test-icon&quot; :aria-hidden=&quot;ariaHidden&quot; :aria-label=&quot;ariaLabel&quot;&gt;&lt;circle /&gt;&lt;/svg&gt;&apos;[39m,
    render: [Function: render] { _rc: [33mtrue[39m }
  }
} ref=&quot;VTU_COMPONENT&quot; &gt; 
  at &lt;VTUROOT&gt;

            </system-err>
        </testcase>
        <testcase classname="src/atoms/Icon/Icon.test.ts" name="Icon (Simplified) &gt; Accessibility &gt; defaults to decorative when no aria-label provided" time="0.001464834">
            <system-err>
[Vue warn]: Vue received a Component that was made a reactive object. This can lead to unnecessary performance overhead and should be avoided by marking the component with `markRaw` or using `shallowRef` instead of `ref`. 
Component that was made reactive:  {
  name: [32m&apos;TestIcon&apos;[39m,
  props: [ [32m&apos;size&apos;[39m, [32m&apos;ariaHidden&apos;[39m, [32m&apos;ariaLabel&apos;[39m ],
  template: [32m&apos;&lt;svg :width=&quot;size&quot; :height=&quot;size&quot; class=&quot;test-icon&quot; :aria-hidden=&quot;ariaHidden&quot; :aria-label=&quot;ariaLabel&quot;&gt;&lt;circle /&gt;&lt;/svg&gt;&apos;[39m,
  render: [Function: render] { _rc: [33mtrue[39m }
} 
  at &lt;Icon name=&quot;test&quot; size=24 &gt; 
  at &lt;IconProvider icons= {
  test: {
    name: [32m&apos;TestIcon&apos;[39m,
    props: [ [32m&apos;size&apos;[39m, [32m&apos;ariaHidden&apos;[39m, [32m&apos;ariaLabel&apos;[39m ],
    template: [32m&apos;&lt;svg :width=&quot;size&quot; :height=&quot;size&quot; class=&quot;test-icon&quot; :aria-hidden=&quot;ariaHidden&quot; :aria-label=&quot;ariaLabel&quot;&gt;&lt;circle /&gt;&lt;/svg&gt;&apos;[39m,
    render: [Function: render] { _rc: [33mtrue[39m }
  }
} ref=&quot;VTU_COMPONENT&quot; &gt; 
  at &lt;VTUROOT&gt;

            </system-err>
        </testcase>
        <testcase classname="src/atoms/Icon/Icon.test.ts" name="Icon (Simplified) &gt; renders custom icon from provider" time="0.001457209">
            <system-err>
[Vue warn]: Vue received a Component that was made a reactive object. This can lead to unnecessary performance overhead and should be avoided by marking the component with `markRaw` or using `shallowRef` instead of `ref`. 
Component that was made reactive:  {
  name: [32m&apos;TestIcon&apos;[39m,
  props: [ [32m&apos;size&apos;[39m, [32m&apos;ariaHidden&apos;[39m, [32m&apos;ariaLabel&apos;[39m ],
  template: [32m&apos;&lt;svg :width=&quot;size&quot; :height=&quot;size&quot; class=&quot;test-icon&quot; :aria-hidden=&quot;ariaHidden&quot; :aria-label=&quot;ariaLabel&quot;&gt;&lt;circle /&gt;&lt;/svg&gt;&apos;[39m,
  render: [Function: render] { _rc: [33mtrue[39m }
} 
  at &lt;Icon name=&quot;test&quot; size=24 &gt; 
  at &lt;IconProvider icons= {
  test: {
    name: [32m&apos;TestIcon&apos;[39m,
    props: [ [32m&apos;size&apos;[39m, [32m&apos;ariaHidden&apos;[39m, [32m&apos;ariaLabel&apos;[39m ],
    template: [32m&apos;&lt;svg :width=&quot;size&quot; :height=&quot;size&quot; class=&quot;test-icon&quot; :aria-hidden=&quot;ariaHidden&quot; :aria-label=&quot;ariaLabel&quot;&gt;&lt;circle /&gt;&lt;/svg&gt;&apos;[39m,
    render: [Function: render] { _rc: [33mtrue[39m }
  }
} ref=&quot;VTU_COMPONENT&quot; &gt; 
  at &lt;VTUROOT&gt;

            </system-err>
        </testcase>
        <testcase classname="src/atoms/Icon/Icon.test.ts" name="Icon (Simplified) &gt; warns when icon not found using structured logging" time="0.001986959">
        </testcase>
        <testcase classname="src/atoms/Icon/Icon.test.ts" name="Icon (Simplified) &gt; applies CSS classes" time="0.001461875">
            <system-err>
[Vue warn]: Vue received a Component that was made a reactive object. This can lead to unnecessary performance overhead and should be avoided by marking the component with `markRaw` or using `shallowRef` instead of `ref`. 
Component that was made reactive:  {
  name: [32m&apos;TestIcon&apos;[39m,
  props: [ [32m&apos;size&apos;[39m, [32m&apos;ariaHidden&apos;[39m, [32m&apos;ariaLabel&apos;[39m ],
  template: [32m&apos;&lt;svg :width=&quot;size&quot; :height=&quot;size&quot; class=&quot;test-icon&quot; :aria-hidden=&quot;ariaHidden&quot; :aria-label=&quot;ariaLabel&quot;&gt;&lt;circle /&gt;&lt;/svg&gt;&apos;[39m,
  render: [Function: render] { _rc: [33mtrue[39m }
} 
  at &lt;Icon name=&quot;test&quot; &gt; 
  at &lt;IconProvider icons= {
  test: {
    name: [32m&apos;TestIcon&apos;[39m,
    props: [ [32m&apos;size&apos;[39m, [32m&apos;ariaHidden&apos;[39m, [32m&apos;ariaLabel&apos;[39m ],
    template: [32m&apos;&lt;svg :width=&quot;size&quot; :height=&quot;size&quot; class=&quot;test-icon&quot; :aria-hidden=&quot;ariaHidden&quot; :aria-label=&quot;ariaLabel&quot;&gt;&lt;circle /&gt;&lt;/svg&gt;&apos;[39m,
    render: [Function: render] { _rc: [33mtrue[39m }
  }
} prefix=&quot;my-prefix&quot; ref=&quot;VTU_COMPONENT&quot; &gt; 
  at &lt;VTUROOT&gt;

            </system-err>
        </testcase>
        <testcase classname="src/atoms/Icon/Icon.test.ts" name="Icon (Simplified) &gt; passes props to icon component" time="0.001398583">
            <system-err>
[Vue warn]: Vue received a Component that was made a reactive object. This can lead to unnecessary performance overhead and should be avoided by marking the component with `markRaw` or using `shallowRef` instead of `ref`. 
Component that was made reactive:  {
  name: [32m&apos;TestIcon&apos;[39m,
  props: [ [32m&apos;size&apos;[39m, [32m&apos;ariaHidden&apos;[39m, [32m&apos;ariaLabel&apos;[39m ],
  template: [32m&apos;&lt;svg :width=&quot;size&quot; :height=&quot;size&quot; class=&quot;test-icon&quot; :aria-hidden=&quot;ariaHidden&quot; :aria-label=&quot;ariaLabel&quot;&gt;&lt;circle /&gt;&lt;/svg&gt;&apos;[39m,
  render: [Function: render] { _rc: [33mtrue[39m }
} 
  at &lt;Icon name=&quot;test&quot; size=32 aria-label=&quot;Test Icon&quot; &gt; 
  at &lt;IconProvider icons= {
  test: {
    name: [32m&apos;TestIcon&apos;[39m,
    props: [ [32m&apos;size&apos;[39m, [32m&apos;ariaHidden&apos;[39m, [32m&apos;ariaLabel&apos;[39m ],
    template: [32m&apos;&lt;svg :width=&quot;size&quot; :height=&quot;size&quot; class=&quot;test-icon&quot; :aria-hidden=&quot;ariaHidden&quot; :aria-label=&quot;ariaLabel&quot;&gt;&lt;circle /&gt;&lt;/svg&gt;&apos;[39m,
    render: [Function: render] { _rc: [33mtrue[39m }
  }
} ref=&quot;VTU_COMPONENT&quot; &gt; 
  at &lt;VTUROOT&gt;

            </system-err>
        </testcase>
        <testcase classname="src/atoms/Icon/Icon.test.ts" name="Icon (Simplified) &gt; works without provider using defaults" time="0.000924708">
        </testcase>
    </testsuite>
    <testsuite name="src/atoms/Icon/IconProvider.test.ts" timestamp="2026-02-27T20:36:26.988Z" hostname="MacBook-Pro-tilhrende-Allan.local" tests="6" failures="0" errors="0" skipped="0" time="0.019782792">
        <testcase classname="src/atoms/Icon/IconProvider.test.ts" name="IconProvider &gt; renders correctly with slot content" time="0.01483975">
        </testcase>
        <testcase classname="src/atoms/Icon/IconProvider.test.ts" name="IconProvider &gt; provides icon configuration to child components" time="0.0015515">
        </testcase>
        <testcase classname="src/atoms/Icon/IconProvider.test.ts" name="IconProvider &gt; applies default props correctly" time="0.000397125">
        </testcase>
        <testcase classname="src/atoms/Icon/IconProvider.test.ts" name="IconProvider &gt; passes prefix prop to provide" time="0.000792625">
        </testcase>
        <testcase classname="src/atoms/Icon/IconProvider.test.ts" name="IconProvider &gt; passes defaultSize prop to provide" time="0.000646041">
        </testcase>
        <testcase classname="src/atoms/Icon/IconProvider.test.ts" name="IconProvider &gt; handles multiple nested providers correctly" time="0.001108458">
        </testcase>
    </testsuite>
    <testsuite name="src/atoms/Icon/MoonIcon.test.ts" timestamp="2026-02-27T20:36:26.988Z" hostname="MacBook-Pro-tilhrende-Allan.local" tests="6" failures="0" errors="0" skipped="0" time="0.0185925">
        <testcase classname="src/atoms/Icon/MoonIcon.test.ts" name="MoonIcon &gt; renders correctly" time="0.010838542">
        </testcase>
        <testcase classname="src/atoms/Icon/MoonIcon.test.ts" name="MoonIcon &gt; applies size prop correctly" time="0.002147375">
        </testcase>
        <testcase classname="src/atoms/Icon/MoonIcon.test.ts" name="MoonIcon &gt; applies default size when no size prop provided" time="0.000984833">
        </testcase>
        <testcase classname="src/atoms/Icon/MoonIcon.test.ts" name="MoonIcon &gt; applies custom class when provided" time="0.001398292">
        </testcase>
        <testcase classname="src/atoms/Icon/MoonIcon.test.ts" name="MoonIcon &gt; has proper accessibility attributes" time="0.001876875">
        </testcase>
        <testcase classname="src/atoms/Icon/MoonIcon.test.ts" name="MoonIcon &gt; renders all required SVG paths" time="0.000780125">
        </testcase>
    </testsuite>
    <testsuite name="src/atoms/Icon/SunIcon.test.ts" timestamp="2026-02-27T20:36:26.988Z" hostname="MacBook-Pro-tilhrende-Allan.local" tests="6" failures="0" errors="0" skipped="0" time="0.020142417">
        <testcase classname="src/atoms/Icon/SunIcon.test.ts" name="SunIcon &gt; renders correctly" time="0.011780708">
        </testcase>
        <testcase classname="src/atoms/Icon/SunIcon.test.ts" name="SunIcon &gt; applies size prop correctly" time="0.00180675">
        </testcase>
        <testcase classname="src/atoms/Icon/SunIcon.test.ts" name="SunIcon &gt; applies default size when no size prop provided" time="0.00152025">
        </testcase>
        <testcase classname="src/atoms/Icon/SunIcon.test.ts" name="SunIcon &gt; applies custom class when provided" time="0.001356959">
        </testcase>
        <testcase classname="src/atoms/Icon/SunIcon.test.ts" name="SunIcon &gt; has proper accessibility attributes" time="0.000866375">
        </testcase>
        <testcase classname="src/atoms/Icon/SunIcon.test.ts" name="SunIcon &gt; renders all required SVG paths" time="0.00132775">
        </testcase>
    </testsuite>
    <testsuite name="src/atoms/ThemeToggle/ThemeToggle.test.ts" timestamp="2026-02-27T20:36:26.988Z" hostname="MacBook-Pro-tilhrende-Allan.local" tests="28" failures="0" errors="0" skipped="0" time="0.551860792">
        <testcase classname="src/atoms/ThemeToggle/ThemeToggle.test.ts" name="ThemeToggle &gt; Rendering &gt; renders with default props" time="0.010833666">
        </testcase>
        <testcase classname="src/atoms/ThemeToggle/ThemeToggle.test.ts" name="ThemeToggle &gt; Rendering &gt; renders with custom variant and size" time="0.002318917">
        </testcase>
        <testcase classname="src/atoms/ThemeToggle/ThemeToggle.test.ts" name="ThemeToggle &gt; Rendering &gt; renders with label when showLabel is true" time="0.001541416">
        </testcase>
        <testcase classname="src/atoms/ThemeToggle/ThemeToggle.test.ts" name="ThemeToggle &gt; Rendering &gt; renders custom labels" time="0.001022125">
        </testcase>
        <testcase classname="src/atoms/ThemeToggle/ThemeToggle.test.ts" name="ThemeToggle &gt; Rendering &gt; shows dark label when theme is dark" time="0.003816542">
        </testcase>
        <testcase classname="src/atoms/ThemeToggle/ThemeToggle.test.ts" name="ThemeToggle &gt; States &gt; applies disabled class when disabled" time="0.003868292">
        </testcase>
        <testcase classname="src/atoms/ThemeToggle/ThemeToggle.test.ts" name="ThemeToggle &gt; States &gt; does not have loading state (removed for performance)" time="0.000996458">
        </testcase>
        <testcase classname="src/atoms/ThemeToggle/ThemeToggle.test.ts" name="ThemeToggle &gt; Accessibility &gt; meets WCAG 2.1 AA accessibility standards" time="0.04256675">
        </testcase>
        <testcase classname="src/atoms/ThemeToggle/ThemeToggle.test.ts" name="ThemeToggle &gt; Accessibility &gt; has proper ARIA attributes" time="0.001267958">
        </testcase>
        <testcase classname="src/atoms/ThemeToggle/ThemeToggle.test.ts" name="ThemeToggle &gt; Accessibility &gt; updates aria-pressed based on theme state" time="0.003957417">
        </testcase>
        <testcase classname="src/atoms/ThemeToggle/ThemeToggle.test.ts" name="ThemeToggle &gt; Accessibility &gt; uses custom aria label" time="0.003022167">
        </testcase>
        <testcase classname="src/atoms/ThemeToggle/ThemeToggle.test.ts" name="ThemeToggle &gt; Accessibility &gt; updates aria label based on current mode" time="0.005038916">
        </testcase>
        <testcase classname="src/atoms/ThemeToggle/ThemeToggle.test.ts" name="ThemeToggle &gt; Accessibility &gt; supports keyboard navigation" time="0.006676375">
        </testcase>
        <testcase classname="src/atoms/ThemeToggle/ThemeToggle.test.ts" name="ThemeToggle &gt; Accessibility &gt; maintains focus management during state changes" time="0.001117833">
        </testcase>
        <testcase classname="src/atoms/ThemeToggle/ThemeToggle.test.ts" name="ThemeToggle &gt; Accessibility &gt; provides clear state indication for screen readers" time="0.000850458">
        </testcase>
        <testcase classname="src/atoms/ThemeToggle/ThemeToggle.test.ts" name="ThemeToggle &gt; Accessibility &gt; respects reduced motion preferences" time="0.000476833">
        </testcase>
        <testcase classname="src/atoms/ThemeToggle/ThemeToggle.test.ts" name="ThemeToggle &gt; Accessibility &gt; supports high contrast mode" time="0.000462583">
        </testcase>
        <testcase classname="src/atoms/ThemeToggle/ThemeToggle.test.ts" name="ThemeToggle &gt; Accessibility &gt; maintains accessibility when disabled" time="0.000480542">
        </testcase>
        <testcase classname="src/atoms/ThemeToggle/ThemeToggle.test.ts" name="ThemeToggle &gt; Accessibility &gt; maintains accessibility (no loading state)" time="0.000513167">
        </testcase>
        <testcase classname="src/atoms/ThemeToggle/ThemeToggle.test.ts" name="ThemeToggle &gt; Theme Integration &gt; does not call toggleMode when disabled" time="0.000463583">
        </testcase>
        <testcase classname="src/atoms/ThemeToggle/ThemeToggle.test.ts" name="ThemeToggle &gt; Theme Integration &gt; responds instantly when clicked (no loading state)" time="0.000771583">
        </testcase>
        <testcase classname="src/atoms/ThemeToggle/ThemeToggle.test.ts" name="ThemeToggle &gt; Events &gt; emits toggle event with current state" time="0.2023595">
        </testcase>
        <testcase classname="src/atoms/ThemeToggle/ThemeToggle.test.ts" name="ThemeToggle &gt; Events &gt; emits change event with mode" time="0.203074917">
        </testcase>
        <testcase classname="src/atoms/ThemeToggle/ThemeToggle.test.ts" name="ThemeToggle &gt; Icons &gt; shows sun icon in light mode" time="0.003870625">
        </testcase>
        <testcase classname="src/atoms/ThemeToggle/ThemeToggle.test.ts" name="ThemeToggle &gt; Icons &gt; shows moon icon in dark mode" time="0.0137975">
        </testcase>
        <testcase classname="src/atoms/ThemeToggle/ThemeToggle.test.ts" name="ThemeToggle &gt; Thumb Position &gt; positions thumb correctly for light mode" time="0.006846125">
        </testcase>
        <testcase classname="src/atoms/ThemeToggle/ThemeToggle.test.ts" name="ThemeToggle &gt; Thumb Position &gt; positions thumb correctly for dark mode" time="0.01521825">
        </testcase>
        <testcase classname="src/atoms/ThemeToggle/ThemeToggle.test.ts" name="ThemeToggle &gt; Thumb Position &gt; adjusts thumb position for different sizes" time="0.013208541">
        </testcase>
    </testsuite>
    <testsuite name="src/molecules/ThemeProvider/ThemeProvider.test.ts" timestamp="2026-02-27T20:36:26.990Z" hostname="MacBook-Pro-tilhrende-Allan.local" tests="18" failures="0" errors="0" skipped="0" time="0.170626125">
        <testcase classname="src/molecules/ThemeProvider/ThemeProvider.test.ts" name="ThemeProvider &gt; Component Rendering &gt; renders with default props" time="0.014117291">
        </testcase>
        <testcase classname="src/molecules/ThemeProvider/ThemeProvider.test.ts" name="ThemeProvider &gt; Component Rendering &gt; applies correct CSS classes based on props" time="0.001080333">
        </testcase>
        <testcase classname="src/molecules/ThemeProvider/ThemeProvider.test.ts" name="ThemeProvider &gt; Component Rendering &gt; sets data-theme attribute" time="0.000974833">
        </testcase>
        <testcase classname="src/molecules/ThemeProvider/ThemeProvider.test.ts" name="ThemeProvider &gt; Theme Context &gt; provides theme context to child components" time="0.007572167">
        </testcase>
        <testcase classname="src/molecules/ThemeProvider/ThemeProvider.test.ts" name="ThemeProvider &gt; Theme Context &gt; updates theme context when mode changes" time="0.006271375">
        </testcase>
        <testcase classname="src/molecules/ThemeProvider/ThemeProvider.test.ts" name="ThemeProvider &gt; Theme Context &gt; provides fallback theme when called outside ThemeProvider" time="0.001567917">
            <system-err>
[Vue warn]: injection &quot;Symbol(grundtone-theme)&quot; not found. 
  at &lt;Anonymous ref=&quot;VTU_COMPONENT&quot; &gt; 
  at &lt;VTUROOT&gt;
[Grundtone UI] ThemeProvider not found. Using fallback theme. For full functionality, wrap your app with &lt;ThemeProvider&gt;. { component: [32m&apos;useTheme&apos;[39m, action: [32m&apos;inject&apos;[39m, severity: [32m&apos;medium&apos;[39m }

            </system-err>
        </testcase>
        <testcase classname="src/molecules/ThemeProvider/ThemeProvider.test.ts" name="ThemeProvider &gt; Theme Mode Management &gt; allows setting theme mode via context" time="0.001906375">
        </testcase>
        <testcase classname="src/molecules/ThemeProvider/ThemeProvider.test.ts" name="ThemeProvider &gt; Theme Mode Management &gt; toggles between light and dark modes" time="0.00483825">
        </testcase>
        <testcase classname="src/molecules/ThemeProvider/ThemeProvider.test.ts" name="ThemeProvider &gt; Theme Mode Management &gt; handles auto mode with system preference" time="0.000995">
        </testcase>
        <testcase classname="src/molecules/ThemeProvider/ThemeProvider.test.ts" name="ThemeProvider &gt; Persistence &gt; saves theme mode to localStorage when persistMode is true" time="0.001349625">
        </testcase>
        <testcase classname="src/molecules/ThemeProvider/ThemeProvider.test.ts" name="ThemeProvider &gt; Persistence &gt; loads theme mode from localStorage on mount" time="0.000834917">
        </testcase>
        <testcase classname="src/molecules/ThemeProvider/ThemeProvider.test.ts" name="ThemeProvider &gt; Persistence &gt; does not persist when persistMode is false" time="0.000866083">
        </testcase>
        <testcase classname="src/molecules/ThemeProvider/ThemeProvider.test.ts" name="ThemeProvider &gt; Custom Themes &gt; merges custom theme with base theme" time="0.0011935">
        </testcase>
        <testcase classname="src/molecules/ThemeProvider/ThemeProvider.test.ts" name="ThemeProvider &gt; DOM Styles Application &gt; applies CSS custom properties to document root" time="0.037248666">
        </testcase>
        <testcase classname="src/molecules/ThemeProvider/ThemeProvider.test.ts" name="ThemeProvider &gt; DOM Styles Application &gt; updates DOM styles when theme changes" time="0.082032167">
        </testcase>
        <testcase classname="src/molecules/ThemeProvider/ThemeProvider.test.ts" name="ThemeProvider &gt; System Theme Detection &gt; listens to system theme changes when in auto mode" time="0.002705292">
        </testcase>
        <testcase classname="src/molecules/ThemeProvider/ThemeProvider.test.ts" name="ThemeProvider &gt; Error Handling &gt; handles localStorage errors gracefully" time="0.00358875">
        </testcase>
        <testcase classname="src/molecules/ThemeProvider/ThemeProvider.test.ts" name="ThemeProvider &gt; Error Handling &gt; handles invalid stored theme mode" time="0.000791666">
        </testcase>
    </testsuite>
</testsuites>
